<?xml version="1.0" encoding="UTF-8"?>
<!-- Generated by org.testng.reporters.JUnitReportReporter -->
<testsuite skipped="0" hostname="EPINHYDW0447" name="MyRunner.TestRunner" tests="2" failures="0" timestamp="16 Oct 2018 07:06:51 GMT" time="27.778" errors="0">
  <testcase name="feature" time="13.603" classname="MyRunner.TestRunner"/>
  <testcase name="feature" time="14.175" classname="MyRunner.TestRunner"/>
</testsuite> <!-- MyRunner.TestRunner -->
